ARM GAS  /var/folders/yl/_q9l42k90g1g4mdhbs226msm0000gn/T//ccNYapLb.s 			page 1


   1              		.cpu cortex-m4
   2              		.arch armv7e-m
   3              		.fpu fpv4-sp-d16
   4              		.eabi_attribute 27, 1
   5              		.eabi_attribute 28, 1
   6              		.eabi_attribute 20, 1
   7              		.eabi_attribute 21, 1
   8              		.eabi_attribute 23, 3
   9              		.eabi_attribute 24, 1
  10              		.eabi_attribute 25, 1
  11              		.eabi_attribute 26, 1
  12              		.eabi_attribute 30, 6
  13              		.eabi_attribute 34, 1
  14              		.eabi_attribute 18, 4
  15              		.file	"stm32f4xx_flash_ramfunc.c"
  16              		.text
  17              	.Ltext0:
  18              		.cfi_sections	.debug_frame
  19              		.section	.RamFunc,"ax",%progbits
  20              		.align	1
  21              		.global	FLASH_FlashInterfaceCmd
  22              		.syntax unified
  23              		.thumb
  24              		.thumb_func
  26              	FLASH_FlashInterfaceCmd:
  27              	.LFB123:
  28              		.file 1 "./Library/stm32f4xx_flash_ramfunc.c"
   1:./Library/stm32f4xx_flash_ramfunc.c **** /**
   2:./Library/stm32f4xx_flash_ramfunc.c ****   ******************************************************************************
   3:./Library/stm32f4xx_flash_ramfunc.c ****   * @file    stm32f4xx_flash_ramfunc.c
   4:./Library/stm32f4xx_flash_ramfunc.c ****   * @author  MCD Application Team
   5:./Library/stm32f4xx_flash_ramfunc.c ****   * @version V1.8.1
   6:./Library/stm32f4xx_flash_ramfunc.c ****   * @date    27-January-2022
   7:./Library/stm32f4xx_flash_ramfunc.c ****   * @brief   FLASH RAMFUNC module driver.
   8:./Library/stm32f4xx_flash_ramfunc.c ****   *          This file provides a FLASH firmware functions which should be 
   9:./Library/stm32f4xx_flash_ramfunc.c ****   *          executed from internal SRAM
  10:./Library/stm32f4xx_flash_ramfunc.c ****   *            + Stop/Start the flash interface while System Run
  11:./Library/stm32f4xx_flash_ramfunc.c ****   *            + Enable/Disable the flash sleep while System Run
  12:./Library/stm32f4xx_flash_ramfunc.c ****   *  
  13:./Library/stm32f4xx_flash_ramfunc.c ****  @verbatim    
  14:./Library/stm32f4xx_flash_ramfunc.c ****  ==============================================================================
  15:./Library/stm32f4xx_flash_ramfunc.c ****                     ##### APIs executed from Internal RAM #####
  16:./Library/stm32f4xx_flash_ramfunc.c ****   ==============================================================================
  17:./Library/stm32f4xx_flash_ramfunc.c ****   [..]
  18:./Library/stm32f4xx_flash_ramfunc.c ****     *** ARM Compiler ***
  19:./Library/stm32f4xx_flash_ramfunc.c ****     --------------------
  20:./Library/stm32f4xx_flash_ramfunc.c ****     [..] RAM functions are defined using the toolchain options. 
  21:./Library/stm32f4xx_flash_ramfunc.c ****          Functions that are be executed in RAM should reside in a separate
  22:./Library/stm32f4xx_flash_ramfunc.c ****          source module. Using the 'Options for File' dialog you can simply change
  23:./Library/stm32f4xx_flash_ramfunc.c ****          the 'Code / Const' area of a module to a memory space in physical RAM.
  24:./Library/stm32f4xx_flash_ramfunc.c ****          Available memory areas are declared in the 'Target' tab of the 
  25:./Library/stm32f4xx_flash_ramfunc.c ****          Options for Target' dialog.
  26:./Library/stm32f4xx_flash_ramfunc.c **** 
  27:./Library/stm32f4xx_flash_ramfunc.c ****     *** ICCARM Compiler ***
  28:./Library/stm32f4xx_flash_ramfunc.c ****     -----------------------
  29:./Library/stm32f4xx_flash_ramfunc.c ****     [..] RAM functions are defined using a specific toolchain keyword "__ramfunc".
  30:./Library/stm32f4xx_flash_ramfunc.c **** 
ARM GAS  /var/folders/yl/_q9l42k90g1g4mdhbs226msm0000gn/T//ccNYapLb.s 			page 2


  31:./Library/stm32f4xx_flash_ramfunc.c ****     *** GNU Compiler ***
  32:./Library/stm32f4xx_flash_ramfunc.c ****     --------------------
  33:./Library/stm32f4xx_flash_ramfunc.c ****     [..] RAM functions are defined using a specific toolchain attribute
  34:./Library/stm32f4xx_flash_ramfunc.c ****          "__attribute__((section(".RamFunc")))".
  35:./Library/stm32f4xx_flash_ramfunc.c ****   
  36:./Library/stm32f4xx_flash_ramfunc.c ****   @endverbatim
  37:./Library/stm32f4xx_flash_ramfunc.c ****   ******************************************************************************
  38:./Library/stm32f4xx_flash_ramfunc.c ****   * @attention
  39:./Library/stm32f4xx_flash_ramfunc.c ****   *
  40:./Library/stm32f4xx_flash_ramfunc.c ****   * Copyright (c) 2016 STMicroelectronics.
  41:./Library/stm32f4xx_flash_ramfunc.c ****   * All rights reserved.
  42:./Library/stm32f4xx_flash_ramfunc.c ****   *
  43:./Library/stm32f4xx_flash_ramfunc.c ****   * This software is licensed under terms that can be found in the LICENSE file
  44:./Library/stm32f4xx_flash_ramfunc.c ****   * in the root directory of this software component.
  45:./Library/stm32f4xx_flash_ramfunc.c ****   * If no LICENSE file comes with this software, it is provided AS-IS.
  46:./Library/stm32f4xx_flash_ramfunc.c ****   *
  47:./Library/stm32f4xx_flash_ramfunc.c ****   ******************************************************************************
  48:./Library/stm32f4xx_flash_ramfunc.c ****   */
  49:./Library/stm32f4xx_flash_ramfunc.c **** 
  50:./Library/stm32f4xx_flash_ramfunc.c **** /* Includes ------------------------------------------------------------------*/
  51:./Library/stm32f4xx_flash_ramfunc.c **** #include "stm32f4xx_flash_ramfunc.h"
  52:./Library/stm32f4xx_flash_ramfunc.c **** 
  53:./Library/stm32f4xx_flash_ramfunc.c **** /** @addtogroup STM32F4xx_StdPeriph_Driver
  54:./Library/stm32f4xx_flash_ramfunc.c ****   * @{
  55:./Library/stm32f4xx_flash_ramfunc.c ****   */
  56:./Library/stm32f4xx_flash_ramfunc.c **** 
  57:./Library/stm32f4xx_flash_ramfunc.c **** /** @defgroup FLASH RAMFUNC 
  58:./Library/stm32f4xx_flash_ramfunc.c ****   * @brief FLASH RAMFUNC driver modules
  59:./Library/stm32f4xx_flash_ramfunc.c ****   * @{
  60:./Library/stm32f4xx_flash_ramfunc.c ****   */ 
  61:./Library/stm32f4xx_flash_ramfunc.c **** 
  62:./Library/stm32f4xx_flash_ramfunc.c **** /* Private typedef -----------------------------------------------------------*/
  63:./Library/stm32f4xx_flash_ramfunc.c **** /* Private define ------------------------------------------------------------*/
  64:./Library/stm32f4xx_flash_ramfunc.c **** /* Private macro -------------------------------------------------------------*/
  65:./Library/stm32f4xx_flash_ramfunc.c **** /* Private variables ---------------------------------------------------------*/
  66:./Library/stm32f4xx_flash_ramfunc.c **** /* Private function prototypes -----------------------------------------------*/
  67:./Library/stm32f4xx_flash_ramfunc.c **** /* Private functions ---------------------------------------------------------*/
  68:./Library/stm32f4xx_flash_ramfunc.c **** 
  69:./Library/stm32f4xx_flash_ramfunc.c **** /** @defgroup FLASH_RAMFUNC_Private_Functions
  70:./Library/stm32f4xx_flash_ramfunc.c ****   * @{
  71:./Library/stm32f4xx_flash_ramfunc.c ****   */
  72:./Library/stm32f4xx_flash_ramfunc.c **** 
  73:./Library/stm32f4xx_flash_ramfunc.c **** /** @defgroup FLASH_RAMFUNC_Group1 Peripheral features functions executed from internal RAM 
  74:./Library/stm32f4xx_flash_ramfunc.c ****   *  @brief Peripheral Extended features functions 
  75:./Library/stm32f4xx_flash_ramfunc.c ****   *
  76:./Library/stm32f4xx_flash_ramfunc.c **** @verbatim   
  77:./Library/stm32f4xx_flash_ramfunc.c **** 
  78:./Library/stm32f4xx_flash_ramfunc.c ****  ===============================================================================
  79:./Library/stm32f4xx_flash_ramfunc.c ****                       ##### ramfunc functions #####
  80:./Library/stm32f4xx_flash_ramfunc.c ****  ===============================================================================
  81:./Library/stm32f4xx_flash_ramfunc.c ****     [..]
  82:./Library/stm32f4xx_flash_ramfunc.c ****     This subsection provides a set of functions that should be executed from RAM 
  83:./Library/stm32f4xx_flash_ramfunc.c ****     transfers.
  84:./Library/stm32f4xx_flash_ramfunc.c ****     
  85:./Library/stm32f4xx_flash_ramfunc.c **** @endverbatim
  86:./Library/stm32f4xx_flash_ramfunc.c ****   * @{
  87:./Library/stm32f4xx_flash_ramfunc.c ****   */
ARM GAS  /var/folders/yl/_q9l42k90g1g4mdhbs226msm0000gn/T//ccNYapLb.s 			page 3


  88:./Library/stm32f4xx_flash_ramfunc.c **** 
  89:./Library/stm32f4xx_flash_ramfunc.c **** /**
  90:./Library/stm32f4xx_flash_ramfunc.c ****   * @brief Start/Stop the flash interface while System Run
  91:./Library/stm32f4xx_flash_ramfunc.c ****   * @note  This mode is only available for STM32F411xx devices. 
  92:./Library/stm32f4xx_flash_ramfunc.c ****   * @note  This mode could n't be set while executing with the flash itself. 
  93:./Library/stm32f4xx_flash_ramfunc.c ****   *        It should be done with specific routine executed from RAM.     
  94:./Library/stm32f4xx_flash_ramfunc.c ****   * @param  NewState: new state of the Smart Card mode.
  95:./Library/stm32f4xx_flash_ramfunc.c ****   *          This parameter can be: ENABLE or DISABLE.  
  96:./Library/stm32f4xx_flash_ramfunc.c ****   * @retval None
  97:./Library/stm32f4xx_flash_ramfunc.c ****   */
  98:./Library/stm32f4xx_flash_ramfunc.c **** __RAM_FUNC FLASH_FlashInterfaceCmd(FunctionalState NewState)
  99:./Library/stm32f4xx_flash_ramfunc.c **** {
  29              		.loc 1 99 1
  30              		.cfi_startproc
  31              		@ args = 0, pretend = 0, frame = 8
  32              		@ frame_needed = 1, uses_anonymous_args = 0
  33              		@ link register save eliminated.
  34 0000 80B4     		push	{r7}
  35              	.LCFI0:
  36              		.cfi_def_cfa_offset 4
  37              		.cfi_offset 7, -4
  38 0002 83B0     		sub	sp, sp, #12
  39              	.LCFI1:
  40              		.cfi_def_cfa_offset 16
  41 0004 00AF     		add	r7, sp, #0
  42              	.LCFI2:
  43              		.cfi_def_cfa_register 7
  44 0006 0346     		mov	r3, r0
  45 0008 FB71     		strb	r3, [r7, #7]
 100:./Library/stm32f4xx_flash_ramfunc.c ****   if (NewState != DISABLE)
  46              		.loc 1 100 6
  47 000a FB79     		ldrb	r3, [r7, #7]	@ zero_extendqisi2
  48 000c 002B     		cmp	r3, #0
  49 000e 06D0     		beq	.L2
 101:./Library/stm32f4xx_flash_ramfunc.c ****   {
 102:./Library/stm32f4xx_flash_ramfunc.c ****     /* Start the flash interface while System Run */
 103:./Library/stm32f4xx_flash_ramfunc.c ****     CLEAR_BIT(PWR->CR, PWR_CR_FISSR);
  50              		.loc 1 103 5
  51 0010 094B     		ldr	r3, .L5
  52 0012 1B68     		ldr	r3, [r3]
  53 0014 084A     		ldr	r2, .L5
  54 0016 23F40013 		bic	r3, r3, #2097152
  55 001a 1360     		str	r3, [r2]
 104:./Library/stm32f4xx_flash_ramfunc.c ****   }
 105:./Library/stm32f4xx_flash_ramfunc.c ****   else
 106:./Library/stm32f4xx_flash_ramfunc.c ****   {
 107:./Library/stm32f4xx_flash_ramfunc.c ****     /* Stop the flash interface while System Run */  
 108:./Library/stm32f4xx_flash_ramfunc.c ****     SET_BIT(PWR->CR, PWR_CR_FISSR);
 109:./Library/stm32f4xx_flash_ramfunc.c ****   }
 110:./Library/stm32f4xx_flash_ramfunc.c **** }
  56              		.loc 1 110 1
  57 001c 05E0     		b	.L4
  58              	.L2:
 108:./Library/stm32f4xx_flash_ramfunc.c ****   }
  59              		.loc 1 108 5
  60 001e 064B     		ldr	r3, .L5
  61 0020 1B68     		ldr	r3, [r3]
ARM GAS  /var/folders/yl/_q9l42k90g1g4mdhbs226msm0000gn/T//ccNYapLb.s 			page 4


  62 0022 054A     		ldr	r2, .L5
  63 0024 43F40013 		orr	r3, r3, #2097152
  64 0028 1360     		str	r3, [r2]
  65              	.L4:
  66              		.loc 1 110 1
  67 002a 00BF     		nop
  68 002c 0C37     		adds	r7, r7, #12
  69              	.LCFI3:
  70              		.cfi_def_cfa_offset 4
  71 002e BD46     		mov	sp, r7
  72              	.LCFI4:
  73              		.cfi_def_cfa_register 13
  74              		@ sp needed
  75 0030 5DF8047B 		ldr	r7, [sp], #4
  76              	.LCFI5:
  77              		.cfi_restore 7
  78              		.cfi_def_cfa_offset 0
  79 0034 7047     		bx	lr
  80              	.L6:
  81 0036 00BF     		.align	2
  82              	.L5:
  83 0038 00700040 		.word	1073770496
  84              		.cfi_endproc
  85              	.LFE123:
  87              		.align	1
  88              		.global	FLASH_FlashSleepModeCmd
  89              		.syntax unified
  90              		.thumb
  91              		.thumb_func
  93              	FLASH_FlashSleepModeCmd:
  94              	.LFB124:
 111:./Library/stm32f4xx_flash_ramfunc.c **** 
 112:./Library/stm32f4xx_flash_ramfunc.c **** /**
 113:./Library/stm32f4xx_flash_ramfunc.c ****   * @brief Enable/Disable the flash sleep while System Run
 114:./Library/stm32f4xx_flash_ramfunc.c ****   * @note  This mode is only available for STM32F411xx devices. 
 115:./Library/stm32f4xx_flash_ramfunc.c ****   * @note  This mode could n't be set while executing with the flash itself. 
 116:./Library/stm32f4xx_flash_ramfunc.c ****   *        It should be done with specific routine executed from RAM.     
 117:./Library/stm32f4xx_flash_ramfunc.c ****   * @param  NewState: new state of the Smart Card mode.
 118:./Library/stm32f4xx_flash_ramfunc.c ****   *          This parameter can be: ENABLE or DISABLE.  
 119:./Library/stm32f4xx_flash_ramfunc.c ****   * @retval None
 120:./Library/stm32f4xx_flash_ramfunc.c ****   */
 121:./Library/stm32f4xx_flash_ramfunc.c **** __RAM_FUNC FLASH_FlashSleepModeCmd(FunctionalState NewState)
 122:./Library/stm32f4xx_flash_ramfunc.c **** {
  95              		.loc 1 122 1
  96              		.cfi_startproc
  97              		@ args = 0, pretend = 0, frame = 8
  98              		@ frame_needed = 1, uses_anonymous_args = 0
  99              		@ link register save eliminated.
 100 003c 80B4     		push	{r7}
 101              	.LCFI6:
 102              		.cfi_def_cfa_offset 4
 103              		.cfi_offset 7, -4
 104 003e 83B0     		sub	sp, sp, #12
 105              	.LCFI7:
 106              		.cfi_def_cfa_offset 16
 107 0040 00AF     		add	r7, sp, #0
 108              	.LCFI8:
ARM GAS  /var/folders/yl/_q9l42k90g1g4mdhbs226msm0000gn/T//ccNYapLb.s 			page 5


 109              		.cfi_def_cfa_register 7
 110 0042 0346     		mov	r3, r0
 111 0044 FB71     		strb	r3, [r7, #7]
 123:./Library/stm32f4xx_flash_ramfunc.c ****   if (NewState != DISABLE)
 112              		.loc 1 123 6
 113 0046 FB79     		ldrb	r3, [r7, #7]	@ zero_extendqisi2
 114 0048 002B     		cmp	r3, #0
 115 004a 06D0     		beq	.L8
 124:./Library/stm32f4xx_flash_ramfunc.c ****   {
 125:./Library/stm32f4xx_flash_ramfunc.c ****     /* Enable the flash sleep while System Run */
 126:./Library/stm32f4xx_flash_ramfunc.c ****     SET_BIT(PWR->CR, PWR_CR_FMSSR);
 116              		.loc 1 126 5
 117 004c 094B     		ldr	r3, .L11
 118 004e 1B68     		ldr	r3, [r3]
 119 0050 084A     		ldr	r2, .L11
 120 0052 43F48013 		orr	r3, r3, #1048576
 121 0056 1360     		str	r3, [r2]
 127:./Library/stm32f4xx_flash_ramfunc.c ****   }
 128:./Library/stm32f4xx_flash_ramfunc.c ****   else
 129:./Library/stm32f4xx_flash_ramfunc.c ****   {
 130:./Library/stm32f4xx_flash_ramfunc.c ****     /* Disable the flash sleep while System Run */
 131:./Library/stm32f4xx_flash_ramfunc.c ****     CLEAR_BIT(PWR->CR, PWR_CR_FMSSR);
 132:./Library/stm32f4xx_flash_ramfunc.c ****   }
 133:./Library/stm32f4xx_flash_ramfunc.c **** }
 122              		.loc 1 133 1
 123 0058 05E0     		b	.L10
 124              	.L8:
 131:./Library/stm32f4xx_flash_ramfunc.c ****   }
 125              		.loc 1 131 5
 126 005a 064B     		ldr	r3, .L11
 127 005c 1B68     		ldr	r3, [r3]
 128 005e 054A     		ldr	r2, .L11
 129 0060 23F48013 		bic	r3, r3, #1048576
 130 0064 1360     		str	r3, [r2]
 131              	.L10:
 132              		.loc 1 133 1
 133 0066 00BF     		nop
 134 0068 0C37     		adds	r7, r7, #12
 135              	.LCFI9:
 136              		.cfi_def_cfa_offset 4
 137 006a BD46     		mov	sp, r7
 138              	.LCFI10:
 139              		.cfi_def_cfa_register 13
 140              		@ sp needed
 141 006c 5DF8047B 		ldr	r7, [sp], #4
 142              	.LCFI11:
 143              		.cfi_restore 7
 144              		.cfi_def_cfa_offset 0
 145 0070 7047     		bx	lr
 146              	.L12:
 147 0072 00BF     		.align	2
 148              	.L11:
 149 0074 00700040 		.word	1073770496
 150              		.cfi_endproc
 151              	.LFE124:
 153              		.text
 154              	.Letext0:
ARM GAS  /var/folders/yl/_q9l42k90g1g4mdhbs226msm0000gn/T//ccNYapLb.s 			page 6


 155              		.file 2 "/Applications/ARM/arm-none-eabi/include/machine/_default_types.h"
 156              		.file 3 "/Applications/ARM/arm-none-eabi/include/sys/_stdint.h"
 157              		.file 4 "./CORE/stm32f4xx.h"
ARM GAS  /var/folders/yl/_q9l42k90g1g4mdhbs226msm0000gn/T//ccNYapLb.s 			page 7


DEFINED SYMBOLS
                            *ABS*:0000000000000000 stm32f4xx_flash_ramfunc.c
/var/folders/yl/_q9l42k90g1g4mdhbs226msm0000gn/T//ccNYapLb.s:20     .RamFunc:0000000000000000 $t
/var/folders/yl/_q9l42k90g1g4mdhbs226msm0000gn/T//ccNYapLb.s:26     .RamFunc:0000000000000000 FLASH_FlashInterfaceCmd
/var/folders/yl/_q9l42k90g1g4mdhbs226msm0000gn/T//ccNYapLb.s:83     .RamFunc:0000000000000038 $d
/var/folders/yl/_q9l42k90g1g4mdhbs226msm0000gn/T//ccNYapLb.s:87     .RamFunc:000000000000003c $t
/var/folders/yl/_q9l42k90g1g4mdhbs226msm0000gn/T//ccNYapLb.s:93     .RamFunc:000000000000003c FLASH_FlashSleepModeCmd
/var/folders/yl/_q9l42k90g1g4mdhbs226msm0000gn/T//ccNYapLb.s:149    .RamFunc:0000000000000074 $d

NO UNDEFINED SYMBOLS
