ARM GAS  /var/folders/yl/_q9l42k90g1g4mdhbs226msm0000gn/T//cc6F9odr.s 			page 1


   1              		.cpu cortex-m4
   2              		.arch armv7e-m
   3              		.fpu fpv4-sp-d16
   4              		.eabi_attribute 27, 1
   5              		.eabi_attribute 28, 1
   6              		.eabi_attribute 20, 1
   7              		.eabi_attribute 21, 1
   8              		.eabi_attribute 23, 3
   9              		.eabi_attribute 24, 1
  10              		.eabi_attribute 25, 1
  11              		.eabi_attribute 26, 1
  12              		.eabi_attribute 30, 1
  13              		.eabi_attribute 34, 1
  14              		.eabi_attribute 18, 4
  15              		.file	"system_stm32f4xx.c"
  16              		.text
  17              	.Ltext0:
  18              		.cfi_sections	.debug_frame
  19              		.section	.text.SystemInit,"ax",%progbits
  20              		.align	1
  21              		.global	SystemInit
  22              		.syntax unified
  23              		.thumb
  24              		.thumb_func
  26              	SystemInit:
  27              	.LFB123:
  28              		.file 1 "./CORE/system_stm32f4xx.c"
   1:./CORE/system_stm32f4xx.c **** /**
   2:./CORE/system_stm32f4xx.c ****   ******************************************************************************
   3:./CORE/system_stm32f4xx.c ****   * @file    system_stm32f4xx.c
   4:./CORE/system_stm32f4xx.c ****   * @author  MCD Application Team
   5:./CORE/system_stm32f4xx.c ****   * @brief   CMSIS Cortex-M4 Device Peripheral Access Layer System Source File.
   6:./CORE/system_stm32f4xx.c ****   *
   7:./CORE/system_stm32f4xx.c ****   *   This file provides two functions and one global variable to be called from 
   8:./CORE/system_stm32f4xx.c ****   *   user application:
   9:./CORE/system_stm32f4xx.c ****   *      - SystemInit(): This function is called at startup just after reset and 
  10:./CORE/system_stm32f4xx.c ****   *                      before branch to main program. This call is made inside
  11:./CORE/system_stm32f4xx.c ****   *                      the "startup_stm32f4xx.s" file.
  12:./CORE/system_stm32f4xx.c ****   *
  13:./CORE/system_stm32f4xx.c ****   *      - SystemCoreClock variable: Contains the core clock (HCLK), it can be used
  14:./CORE/system_stm32f4xx.c ****   *                                  by the user application to setup the SysTick 
  15:./CORE/system_stm32f4xx.c ****   *                                  timer or configure other parameters.
  16:./CORE/system_stm32f4xx.c ****   *                                     
  17:./CORE/system_stm32f4xx.c ****   *      - SystemCoreClockUpdate(): Updates the variable SystemCoreClock and must
  18:./CORE/system_stm32f4xx.c ****   *                                 be called whenever the core clock is changed
  19:./CORE/system_stm32f4xx.c ****   *                                 during program execution.
  20:./CORE/system_stm32f4xx.c ****   *
  21:./CORE/system_stm32f4xx.c ****   *
  22:./CORE/system_stm32f4xx.c ****   ******************************************************************************
  23:./CORE/system_stm32f4xx.c ****   * @attention
  24:./CORE/system_stm32f4xx.c ****   *
  25:./CORE/system_stm32f4xx.c ****   * Copyright (c) 2017 STMicroelectronics.
  26:./CORE/system_stm32f4xx.c ****   * All rights reserved.
  27:./CORE/system_stm32f4xx.c ****   *
  28:./CORE/system_stm32f4xx.c ****   * This software is licensed under terms that can be found in the LICENSE file
  29:./CORE/system_stm32f4xx.c ****   * in the root directory of this software component.
  30:./CORE/system_stm32f4xx.c ****   * If no LICENSE file comes with this software, it is provided AS-IS.
ARM GAS  /var/folders/yl/_q9l42k90g1g4mdhbs226msm0000gn/T//cc6F9odr.s 			page 2


  31:./CORE/system_stm32f4xx.c ****   *
  32:./CORE/system_stm32f4xx.c ****   ******************************************************************************
  33:./CORE/system_stm32f4xx.c ****   */
  34:./CORE/system_stm32f4xx.c **** 
  35:./CORE/system_stm32f4xx.c **** /** @addtogroup CMSIS
  36:./CORE/system_stm32f4xx.c ****   * @{
  37:./CORE/system_stm32f4xx.c ****   */
  38:./CORE/system_stm32f4xx.c **** 
  39:./CORE/system_stm32f4xx.c **** /** @addtogroup stm32f4xx_system
  40:./CORE/system_stm32f4xx.c ****   * @{
  41:./CORE/system_stm32f4xx.c ****   */  
  42:./CORE/system_stm32f4xx.c ****   
  43:./CORE/system_stm32f4xx.c **** /** @addtogroup STM32F4xx_System_Private_Includes
  44:./CORE/system_stm32f4xx.c ****   * @{
  45:./CORE/system_stm32f4xx.c ****   */
  46:./CORE/system_stm32f4xx.c **** 
  47:./CORE/system_stm32f4xx.c **** 
  48:./CORE/system_stm32f4xx.c **** #include "stm32f4xx.h"
  49:./CORE/system_stm32f4xx.c **** 
  50:./CORE/system_stm32f4xx.c **** #if !defined  (HSE_VALUE) 
  51:./CORE/system_stm32f4xx.c ****   #define HSE_VALUE    ((uint32_t)25000000) /*!< Default value of the External oscillator in Hz */
  52:./CORE/system_stm32f4xx.c **** #endif /* HSE_VALUE */
  53:./CORE/system_stm32f4xx.c **** 
  54:./CORE/system_stm32f4xx.c **** #if !defined  (HSI_VALUE)
  55:./CORE/system_stm32f4xx.c ****   #define HSI_VALUE    ((uint32_t)16000000) /*!< Value of the Internal oscillator in Hz*/
  56:./CORE/system_stm32f4xx.c **** #endif /* HSI_VALUE */
  57:./CORE/system_stm32f4xx.c **** 
  58:./CORE/system_stm32f4xx.c **** /**
  59:./CORE/system_stm32f4xx.c ****   * @}
  60:./CORE/system_stm32f4xx.c ****   */
  61:./CORE/system_stm32f4xx.c **** 
  62:./CORE/system_stm32f4xx.c **** /** @addtogroup STM32F4xx_System_Private_TypesDefinitions
  63:./CORE/system_stm32f4xx.c ****   * @{
  64:./CORE/system_stm32f4xx.c ****   */
  65:./CORE/system_stm32f4xx.c **** 
  66:./CORE/system_stm32f4xx.c **** /**
  67:./CORE/system_stm32f4xx.c ****   * @}
  68:./CORE/system_stm32f4xx.c ****   */
  69:./CORE/system_stm32f4xx.c **** 
  70:./CORE/system_stm32f4xx.c **** /** @addtogroup STM32F4xx_System_Private_Defines
  71:./CORE/system_stm32f4xx.c ****   * @{
  72:./CORE/system_stm32f4xx.c ****   */
  73:./CORE/system_stm32f4xx.c **** 
  74:./CORE/system_stm32f4xx.c **** /************************* Miscellaneous Configuration ************************/
  75:./CORE/system_stm32f4xx.c **** /*!< Uncomment the following line if you need to use external SRAM or SDRAM as data memory  */
  76:./CORE/system_stm32f4xx.c **** #if defined(STM32F405xx) || defined(STM32F415xx) || defined(STM32F407xx) || defined(STM32F417xx)\
  77:./CORE/system_stm32f4xx.c ****  || defined(STM32F427xx) || defined(STM32F437xx) || defined(STM32F429xx) || defined(STM32F439xx)\
  78:./CORE/system_stm32f4xx.c ****  || defined(STM32F469xx) || defined(STM32F479xx) || defined(STM32F412Zx) || defined(STM32F412Vx)
  79:./CORE/system_stm32f4xx.c **** /* #define DATA_IN_ExtSRAM */
  80:./CORE/system_stm32f4xx.c **** #endif /* STM32F40xxx || STM32F41xxx || STM32F42xxx || STM32F43xxx || STM32F469xx || STM32F479xx ||
  81:./CORE/system_stm32f4xx.c ****           STM32F412Zx || STM32F412Vx */
  82:./CORE/system_stm32f4xx.c ****  
  83:./CORE/system_stm32f4xx.c **** #if defined(STM32F427xx) || defined(STM32F437xx) || defined(STM32F429xx) || defined(STM32F439xx)\
  84:./CORE/system_stm32f4xx.c ****  || defined(STM32F446xx) || defined(STM32F469xx) || defined(STM32F479xx)
  85:./CORE/system_stm32f4xx.c **** /* #define DATA_IN_ExtSDRAM */
  86:./CORE/system_stm32f4xx.c **** #endif /* STM32F427xx || STM32F437xx || STM32F429xx || STM32F439xx || STM32F446xx || STM32F469xx ||
  87:./CORE/system_stm32f4xx.c ****           STM32F479xx */
ARM GAS  /var/folders/yl/_q9l42k90g1g4mdhbs226msm0000gn/T//cc6F9odr.s 			page 3


  88:./CORE/system_stm32f4xx.c **** 
  89:./CORE/system_stm32f4xx.c **** /* Note: Following vector table addresses must be defined in line with linker
  90:./CORE/system_stm32f4xx.c ****          configuration. */
  91:./CORE/system_stm32f4xx.c **** /*!< Uncomment the following line if you need to relocate the vector table
  92:./CORE/system_stm32f4xx.c ****      anywhere in Flash or Sram, else the vector table is kept at the automatic
  93:./CORE/system_stm32f4xx.c ****      remap of boot address selected */
  94:./CORE/system_stm32f4xx.c **** /* #define USER_VECT_TAB_ADDRESS */
  95:./CORE/system_stm32f4xx.c **** 
  96:./CORE/system_stm32f4xx.c **** #if defined(USER_VECT_TAB_ADDRESS)
  97:./CORE/system_stm32f4xx.c **** /*!< Uncomment the following line if you need to relocate your vector Table
  98:./CORE/system_stm32f4xx.c ****      in Sram else user remap will be done in Flash. */
  99:./CORE/system_stm32f4xx.c **** /* #define VECT_TAB_SRAM */
 100:./CORE/system_stm32f4xx.c **** #if defined(VECT_TAB_SRAM)
 101:./CORE/system_stm32f4xx.c **** #define VECT_TAB_BASE_ADDRESS   SRAM_BASE       /*!< Vector Table base address field.
 102:./CORE/system_stm32f4xx.c ****                                                      This value must be a multiple of 0x200. */
 103:./CORE/system_stm32f4xx.c **** #define VECT_TAB_OFFSET         0x00000000U     /*!< Vector Table base offset field.
 104:./CORE/system_stm32f4xx.c ****                                                      This value must be a multiple of 0x200. */
 105:./CORE/system_stm32f4xx.c **** #else
 106:./CORE/system_stm32f4xx.c **** #define VECT_TAB_BASE_ADDRESS   FLASH_BASE      /*!< Vector Table base address field.
 107:./CORE/system_stm32f4xx.c ****                                                      This value must be a multiple of 0x200. */
 108:./CORE/system_stm32f4xx.c **** #define VECT_TAB_OFFSET         0x00000000U     /*!< Vector Table base offset field.
 109:./CORE/system_stm32f4xx.c ****                                                      This value must be a multiple of 0x200. */
 110:./CORE/system_stm32f4xx.c **** #endif /* VECT_TAB_SRAM */
 111:./CORE/system_stm32f4xx.c **** #endif /* USER_VECT_TAB_ADDRESS */
 112:./CORE/system_stm32f4xx.c **** /******************************************************************************/
 113:./CORE/system_stm32f4xx.c **** 
 114:./CORE/system_stm32f4xx.c **** /**
 115:./CORE/system_stm32f4xx.c ****   * @}
 116:./CORE/system_stm32f4xx.c ****   */
 117:./CORE/system_stm32f4xx.c **** 
 118:./CORE/system_stm32f4xx.c **** /** @addtogroup STM32F4xx_System_Private_Macros
 119:./CORE/system_stm32f4xx.c ****   * @{
 120:./CORE/system_stm32f4xx.c ****   */
 121:./CORE/system_stm32f4xx.c **** 
 122:./CORE/system_stm32f4xx.c **** /**
 123:./CORE/system_stm32f4xx.c ****   * @}
 124:./CORE/system_stm32f4xx.c ****   */
 125:./CORE/system_stm32f4xx.c **** 
 126:./CORE/system_stm32f4xx.c **** /** @addtogroup STM32F4xx_System_Private_Variables
 127:./CORE/system_stm32f4xx.c ****   * @{
 128:./CORE/system_stm32f4xx.c ****   */
 129:./CORE/system_stm32f4xx.c ****   /* This variable is updated in three ways:
 130:./CORE/system_stm32f4xx.c ****       1) by calling CMSIS function SystemCoreClockUpdate()
 131:./CORE/system_stm32f4xx.c ****       2) by calling HAL API function HAL_RCC_GetHCLKFreq()
 132:./CORE/system_stm32f4xx.c ****       3) each time HAL_RCC_ClockConfig() is called to configure the system clock frequency 
 133:./CORE/system_stm32f4xx.c ****          Note: If you use this function to configure the system clock; then there
 134:./CORE/system_stm32f4xx.c ****                is no need to call the 2 first functions listed above, since SystemCoreClock
 135:./CORE/system_stm32f4xx.c ****                variable is updated automatically.
 136:./CORE/system_stm32f4xx.c ****   */
 137:./CORE/system_stm32f4xx.c **** uint32_t SystemCoreClock = 16000000;
 138:./CORE/system_stm32f4xx.c **** const uint8_t AHBPrescTable[16] = {0, 0, 0, 0, 0, 0, 0, 0, 1, 2, 3, 4, 6, 7, 8, 9};
 139:./CORE/system_stm32f4xx.c **** const uint8_t APBPrescTable[8]  = {0, 0, 0, 0, 1, 2, 3, 4};
 140:./CORE/system_stm32f4xx.c **** /**
 141:./CORE/system_stm32f4xx.c ****   * @}
 142:./CORE/system_stm32f4xx.c ****   */
 143:./CORE/system_stm32f4xx.c **** 
 144:./CORE/system_stm32f4xx.c **** /** @addtogroup STM32F4xx_System_Private_FunctionPrototypes
ARM GAS  /var/folders/yl/_q9l42k90g1g4mdhbs226msm0000gn/T//cc6F9odr.s 			page 4


 145:./CORE/system_stm32f4xx.c ****   * @{
 146:./CORE/system_stm32f4xx.c ****   */
 147:./CORE/system_stm32f4xx.c **** 
 148:./CORE/system_stm32f4xx.c **** #if defined (DATA_IN_ExtSRAM) || defined (DATA_IN_ExtSDRAM)
 149:./CORE/system_stm32f4xx.c ****   static void SystemInit_ExtMemCtl(void); 
 150:./CORE/system_stm32f4xx.c **** #endif /* DATA_IN_ExtSRAM || DATA_IN_ExtSDRAM */
 151:./CORE/system_stm32f4xx.c **** 
 152:./CORE/system_stm32f4xx.c **** /**
 153:./CORE/system_stm32f4xx.c ****   * @}
 154:./CORE/system_stm32f4xx.c ****   */
 155:./CORE/system_stm32f4xx.c **** 
 156:./CORE/system_stm32f4xx.c **** /** @addtogroup STM32F4xx_System_Private_Functions
 157:./CORE/system_stm32f4xx.c ****   * @{
 158:./CORE/system_stm32f4xx.c ****   */
 159:./CORE/system_stm32f4xx.c **** 
 160:./CORE/system_stm32f4xx.c **** /**
 161:./CORE/system_stm32f4xx.c ****   * @brief  Setup the microcontroller system
 162:./CORE/system_stm32f4xx.c ****   *         Initialize the FPU setting, vector table location and External memory 
 163:./CORE/system_stm32f4xx.c ****   *         configuration.
 164:./CORE/system_stm32f4xx.c ****   * @param  None
 165:./CORE/system_stm32f4xx.c ****   * @retval None
 166:./CORE/system_stm32f4xx.c ****   */
 167:./CORE/system_stm32f4xx.c **** void SystemInit(void)
 168:./CORE/system_stm32f4xx.c **** {
  29              		.loc 1 168 1 view -0
  30              		.cfi_startproc
  31              		@ args = 0, pretend = 0, frame = 0
  32              		@ frame_needed = 0, uses_anonymous_args = 0
  33              		@ link register save eliminated.
 169:./CORE/system_stm32f4xx.c ****   /* FPU settings ------------------------------------------------------------*/
 170:./CORE/system_stm32f4xx.c ****   #if (__FPU_PRESENT == 1) && (__FPU_USED == 1)
 171:./CORE/system_stm32f4xx.c ****     SCB->CPACR |= ((3UL << 10*2)|(3UL << 11*2));  /* set CP10 and CP11 Full Access */
  34              		.loc 1 171 5 view .LVU1
  35              		.loc 1 171 16 is_stmt 0 view .LVU2
  36 0000 034A     		ldr	r2, .L2
  37 0002 D2F88830 		ldr	r3, [r2, #136]
  38 0006 43F47003 		orr	r3, r3, #15728640
  39 000a C2F88830 		str	r3, [r2, #136]
 172:./CORE/system_stm32f4xx.c ****   #endif
 173:./CORE/system_stm32f4xx.c **** 
 174:./CORE/system_stm32f4xx.c **** #if defined (DATA_IN_ExtSRAM) || defined (DATA_IN_ExtSDRAM)
 175:./CORE/system_stm32f4xx.c ****   SystemInit_ExtMemCtl(); 
 176:./CORE/system_stm32f4xx.c **** #endif /* DATA_IN_ExtSRAM || DATA_IN_ExtSDRAM */
 177:./CORE/system_stm32f4xx.c **** 
 178:./CORE/system_stm32f4xx.c ****   /* Configure the Vector Table location -------------------------------------*/
 179:./CORE/system_stm32f4xx.c **** #if defined(USER_VECT_TAB_ADDRESS)
 180:./CORE/system_stm32f4xx.c ****   SCB->VTOR = VECT_TAB_BASE_ADDRESS | VECT_TAB_OFFSET; /* Vector Table Relocation in Internal SRAM 
 181:./CORE/system_stm32f4xx.c **** #endif /* USER_VECT_TAB_ADDRESS */
 182:./CORE/system_stm32f4xx.c **** }
  40              		.loc 1 182 1 view .LVU3
  41 000e 7047     		bx	lr
  42              	.L3:
  43              		.align	2
  44              	.L2:
  45 0010 00ED00E0 		.word	-536810240
  46              		.cfi_endproc
  47              	.LFE123:
ARM GAS  /var/folders/yl/_q9l42k90g1g4mdhbs226msm0000gn/T//cc6F9odr.s 			page 5


  49              		.section	.text.SystemCoreClockUpdate,"ax",%progbits
  50              		.align	1
  51              		.global	SystemCoreClockUpdate
  52              		.syntax unified
  53              		.thumb
  54              		.thumb_func
  56              	SystemCoreClockUpdate:
  57              	.LFB124:
 183:./CORE/system_stm32f4xx.c **** 
 184:./CORE/system_stm32f4xx.c **** /**
 185:./CORE/system_stm32f4xx.c ****    * @brief  Update SystemCoreClock variable according to Clock Register Values.
 186:./CORE/system_stm32f4xx.c ****   *         The SystemCoreClock variable contains the core clock (HCLK), it can
 187:./CORE/system_stm32f4xx.c ****   *         be used by the user application to setup the SysTick timer or configure
 188:./CORE/system_stm32f4xx.c ****   *         other parameters.
 189:./CORE/system_stm32f4xx.c ****   *           
 190:./CORE/system_stm32f4xx.c ****   * @note   Each time the core clock (HCLK) changes, this function must be called
 191:./CORE/system_stm32f4xx.c ****   *         to update SystemCoreClock variable value. Otherwise, any configuration
 192:./CORE/system_stm32f4xx.c ****   *         based on this variable will be incorrect.         
 193:./CORE/system_stm32f4xx.c ****   *     
 194:./CORE/system_stm32f4xx.c ****   * @note   - The system frequency computed by this function is not the real 
 195:./CORE/system_stm32f4xx.c ****   *           frequency in the chip. It is calculated based on the predefined 
 196:./CORE/system_stm32f4xx.c ****   *           constant and the selected clock source:
 197:./CORE/system_stm32f4xx.c ****   *             
 198:./CORE/system_stm32f4xx.c ****   *           - If SYSCLK source is HSI, SystemCoreClock will contain the HSI_VALUE(*)
 199:./CORE/system_stm32f4xx.c ****   *                                              
 200:./CORE/system_stm32f4xx.c ****   *           - If SYSCLK source is HSE, SystemCoreClock will contain the HSE_VALUE(**)
 201:./CORE/system_stm32f4xx.c ****   *                          
 202:./CORE/system_stm32f4xx.c ****   *           - If SYSCLK source is PLL, SystemCoreClock will contain the HSE_VALUE(**) 
 203:./CORE/system_stm32f4xx.c ****   *             or HSI_VALUE(*) multiplied/divided by the PLL factors.
 204:./CORE/system_stm32f4xx.c ****   *         
 205:./CORE/system_stm32f4xx.c ****   *         (*) HSI_VALUE is a constant defined in stm32f4xx_hal_conf.h file (default value
 206:./CORE/system_stm32f4xx.c ****   *             16 MHz) but the real value may vary depending on the variations
 207:./CORE/system_stm32f4xx.c ****   *             in voltage and temperature.   
 208:./CORE/system_stm32f4xx.c ****   *    
 209:./CORE/system_stm32f4xx.c ****   *         (**) HSE_VALUE is a constant defined in stm32f4xx_hal_conf.h file (its value
 210:./CORE/system_stm32f4xx.c ****   *              depends on the application requirements), user has to ensure that HSE_VALUE
 211:./CORE/system_stm32f4xx.c ****   *              is same as the real frequency of the crystal used. Otherwise, this function
 212:./CORE/system_stm32f4xx.c ****   *              may have wrong result.
 213:./CORE/system_stm32f4xx.c ****   *                
 214:./CORE/system_stm32f4xx.c ****   *         - The result of this function could be not correct when using fractional
 215:./CORE/system_stm32f4xx.c ****   *           value for HSE crystal.
 216:./CORE/system_stm32f4xx.c ****   *     
 217:./CORE/system_stm32f4xx.c ****   * @param  None
 218:./CORE/system_stm32f4xx.c ****   * @retval None
 219:./CORE/system_stm32f4xx.c ****   */
 220:./CORE/system_stm32f4xx.c **** void SystemCoreClockUpdate(void)
 221:./CORE/system_stm32f4xx.c **** {
  58              		.loc 1 221 1 is_stmt 1 view -0
  59              		.cfi_startproc
  60              		@ args = 0, pretend = 0, frame = 0
  61              		@ frame_needed = 0, uses_anonymous_args = 0
  62              		@ link register save eliminated.
 222:./CORE/system_stm32f4xx.c ****   uint32_t tmp = 0, pllvco = 0, pllp = 2, pllsource = 0, pllm = 2;
  63              		.loc 1 222 3 view .LVU5
  64              	.LVL0:
 223:./CORE/system_stm32f4xx.c ****   
 224:./CORE/system_stm32f4xx.c ****   /* Get SYSCLK source -------------------------------------------------------*/
ARM GAS  /var/folders/yl/_q9l42k90g1g4mdhbs226msm0000gn/T//cc6F9odr.s 			page 6


 225:./CORE/system_stm32f4xx.c ****   tmp = RCC->CFGR & RCC_CFGR_SWS;
  65              		.loc 1 225 3 view .LVU6
  66              		.loc 1 225 12 is_stmt 0 view .LVU7
  67 0000 224B     		ldr	r3, .L12
  68 0002 9B68     		ldr	r3, [r3, #8]
  69              		.loc 1 225 7 view .LVU8
  70 0004 03F00C03 		and	r3, r3, #12
  71              	.LVL1:
 226:./CORE/system_stm32f4xx.c **** 
 227:./CORE/system_stm32f4xx.c ****   switch (tmp)
  72              		.loc 1 227 3 is_stmt 1 view .LVU9
  73 0008 042B     		cmp	r3, #4
  74 000a 14D0     		beq	.L5
  75 000c 082B     		cmp	r3, #8
  76 000e 16D0     		beq	.L6
  77 0010 1BB1     		cbz	r3, .L11
 228:./CORE/system_stm32f4xx.c ****   {
 229:./CORE/system_stm32f4xx.c ****     case 0x00:  /* HSI used as system clock source */
 230:./CORE/system_stm32f4xx.c ****       SystemCoreClock = HSI_VALUE;
 231:./CORE/system_stm32f4xx.c ****       break;
 232:./CORE/system_stm32f4xx.c ****     case 0x04:  /* HSE used as system clock source */
 233:./CORE/system_stm32f4xx.c ****       SystemCoreClock = HSE_VALUE;
 234:./CORE/system_stm32f4xx.c ****       break;
 235:./CORE/system_stm32f4xx.c ****     case 0x08:  /* PLL used as system clock source */
 236:./CORE/system_stm32f4xx.c **** 
 237:./CORE/system_stm32f4xx.c ****       /* PLL_VCO = (HSE_VALUE or HSI_VALUE / PLL_M) * PLL_N
 238:./CORE/system_stm32f4xx.c ****          SYSCLK = PLL_VCO / PLL_P
 239:./CORE/system_stm32f4xx.c ****          */    
 240:./CORE/system_stm32f4xx.c ****       pllsource = (RCC->PLLCFGR & RCC_PLLCFGR_PLLSRC) >> 22;
 241:./CORE/system_stm32f4xx.c ****       pllm = RCC->PLLCFGR & RCC_PLLCFGR_PLLM;
 242:./CORE/system_stm32f4xx.c ****       
 243:./CORE/system_stm32f4xx.c ****       if (pllsource != 0)
 244:./CORE/system_stm32f4xx.c ****       {
 245:./CORE/system_stm32f4xx.c ****         /* HSE used as PLL clock source */
 246:./CORE/system_stm32f4xx.c ****         pllvco = (HSE_VALUE / pllm) * ((RCC->PLLCFGR & RCC_PLLCFGR_PLLN) >> 6);
 247:./CORE/system_stm32f4xx.c ****       }
 248:./CORE/system_stm32f4xx.c ****       else
 249:./CORE/system_stm32f4xx.c ****       {
 250:./CORE/system_stm32f4xx.c ****         /* HSI used as PLL clock source */
 251:./CORE/system_stm32f4xx.c ****         pllvco = (HSI_VALUE / pllm) * ((RCC->PLLCFGR & RCC_PLLCFGR_PLLN) >> 6);
 252:./CORE/system_stm32f4xx.c ****       }
 253:./CORE/system_stm32f4xx.c **** 
 254:./CORE/system_stm32f4xx.c ****       pllp = (((RCC->PLLCFGR & RCC_PLLCFGR_PLLP) >>16) + 1 ) *2;
 255:./CORE/system_stm32f4xx.c ****       SystemCoreClock = pllvco/pllp;
 256:./CORE/system_stm32f4xx.c ****       break;
 257:./CORE/system_stm32f4xx.c ****     default:
 258:./CORE/system_stm32f4xx.c ****       SystemCoreClock = HSI_VALUE;
  78              		.loc 1 258 7 view .LVU10
  79              		.loc 1 258 23 is_stmt 0 view .LVU11
  80 0012 1F4B     		ldr	r3, .L12+4
  81              	.LVL2:
  82              		.loc 1 258 23 view .LVU12
  83 0014 1F4A     		ldr	r2, .L12+8
  84 0016 1A60     		str	r2, [r3]
 259:./CORE/system_stm32f4xx.c ****       break;
  85              		.loc 1 259 7 is_stmt 1 view .LVU13
  86 0018 02E0     		b	.L8
ARM GAS  /var/folders/yl/_q9l42k90g1g4mdhbs226msm0000gn/T//cc6F9odr.s 			page 7


  87              	.LVL3:
  88              	.L11:
 230:./CORE/system_stm32f4xx.c ****       break;
  89              		.loc 1 230 7 view .LVU14
 230:./CORE/system_stm32f4xx.c ****       break;
  90              		.loc 1 230 23 is_stmt 0 view .LVU15
  91 001a 1D4B     		ldr	r3, .L12+4
  92              	.LVL4:
 230:./CORE/system_stm32f4xx.c ****       break;
  93              		.loc 1 230 23 view .LVU16
  94 001c 1D4A     		ldr	r2, .L12+8
  95 001e 1A60     		str	r2, [r3]
 231:./CORE/system_stm32f4xx.c ****     case 0x04:  /* HSE used as system clock source */
  96              		.loc 1 231 7 is_stmt 1 view .LVU17
  97              	.LVL5:
  98              	.L8:
 260:./CORE/system_stm32f4xx.c ****   }
 261:./CORE/system_stm32f4xx.c ****   /* Compute HCLK frequency --------------------------------------------------*/
 262:./CORE/system_stm32f4xx.c ****   /* Get HCLK prescaler */
 263:./CORE/system_stm32f4xx.c ****   tmp = AHBPrescTable[((RCC->CFGR & RCC_CFGR_HPRE) >> 4)];
  99              		.loc 1 263 3 view .LVU18
 100              		.loc 1 263 28 is_stmt 0 view .LVU19
 101 0020 1A4B     		ldr	r3, .L12
 102 0022 9B68     		ldr	r3, [r3, #8]
 103              		.loc 1 263 52 view .LVU20
 104 0024 C3F30313 		ubfx	r3, r3, #4, #4
 105              		.loc 1 263 22 view .LVU21
 106 0028 1B4A     		ldr	r2, .L12+12
 107 002a D15C     		ldrb	r1, [r2, r3]	@ zero_extendqisi2
 108              	.LVL6:
 264:./CORE/system_stm32f4xx.c ****   /* HCLK frequency */
 265:./CORE/system_stm32f4xx.c ****   SystemCoreClock >>= tmp;
 109              		.loc 1 265 3 is_stmt 1 view .LVU22
 110              		.loc 1 265 19 is_stmt 0 view .LVU23
 111 002c 184A     		ldr	r2, .L12+4
 112 002e 1368     		ldr	r3, [r2]
 113 0030 CB40     		lsrs	r3, r3, r1
 114 0032 1360     		str	r3, [r2]
 266:./CORE/system_stm32f4xx.c **** }
 115              		.loc 1 266 1 view .LVU24
 116 0034 7047     		bx	lr
 117              	.LVL7:
 118              	.L5:
 233:./CORE/system_stm32f4xx.c ****       break;
 119              		.loc 1 233 7 is_stmt 1 view .LVU25
 233:./CORE/system_stm32f4xx.c ****       break;
 120              		.loc 1 233 23 is_stmt 0 view .LVU26
 121 0036 164B     		ldr	r3, .L12+4
 122              	.LVL8:
 233:./CORE/system_stm32f4xx.c ****       break;
 123              		.loc 1 233 23 view .LVU27
 124 0038 184A     		ldr	r2, .L12+16
 125 003a 1A60     		str	r2, [r3]
 234:./CORE/system_stm32f4xx.c ****     case 0x08:  /* PLL used as system clock source */
 126              		.loc 1 234 7 is_stmt 1 view .LVU28
 127 003c F0E7     		b	.L8
 128              	.LVL9:
ARM GAS  /var/folders/yl/_q9l42k90g1g4mdhbs226msm0000gn/T//cc6F9odr.s 			page 8


 129              	.L6:
 240:./CORE/system_stm32f4xx.c ****       pllm = RCC->PLLCFGR & RCC_PLLCFGR_PLLM;
 130              		.loc 1 240 7 view .LVU29
 240:./CORE/system_stm32f4xx.c ****       pllm = RCC->PLLCFGR & RCC_PLLCFGR_PLLM;
 131              		.loc 1 240 23 is_stmt 0 view .LVU30
 132 003e 134B     		ldr	r3, .L12
 133              	.LVL10:
 240:./CORE/system_stm32f4xx.c ****       pllm = RCC->PLLCFGR & RCC_PLLCFGR_PLLM;
 134              		.loc 1 240 23 view .LVU31
 135 0040 5968     		ldr	r1, [r3, #4]
 136              	.LVL11:
 241:./CORE/system_stm32f4xx.c ****       
 137              		.loc 1 241 7 is_stmt 1 view .LVU32
 241:./CORE/system_stm32f4xx.c ****       
 138              		.loc 1 241 17 is_stmt 0 view .LVU33
 139 0042 5A68     		ldr	r2, [r3, #4]
 241:./CORE/system_stm32f4xx.c ****       
 140              		.loc 1 241 12 view .LVU34
 141 0044 02F03F02 		and	r2, r2, #63
 142              	.LVL12:
 243:./CORE/system_stm32f4xx.c ****       {
 143              		.loc 1 243 7 is_stmt 1 view .LVU35
 243:./CORE/system_stm32f4xx.c ****       {
 144              		.loc 1 243 10 is_stmt 0 view .LVU36
 145 0048 11F4800F 		tst	r1, #4194304
 146 004c 13D0     		beq	.L9
 246:./CORE/system_stm32f4xx.c ****       }
 147              		.loc 1 246 9 is_stmt 1 view .LVU37
 246:./CORE/system_stm32f4xx.c ****       }
 148              		.loc 1 246 29 is_stmt 0 view .LVU38
 149 004e 134B     		ldr	r3, .L12+16
 150 0050 B3FBF2F3 		udiv	r3, r3, r2
 246:./CORE/system_stm32f4xx.c ****       }
 151              		.loc 1 246 44 view .LVU39
 152 0054 0D4A     		ldr	r2, .L12
 153              	.LVL13:
 246:./CORE/system_stm32f4xx.c ****       }
 154              		.loc 1 246 44 view .LVU40
 155 0056 5268     		ldr	r2, [r2, #4]
 246:./CORE/system_stm32f4xx.c ****       }
 156              		.loc 1 246 74 view .LVU41
 157 0058 C2F38812 		ubfx	r2, r2, #6, #9
 246:./CORE/system_stm32f4xx.c ****       }
 158              		.loc 1 246 16 view .LVU42
 159 005c 02FB03F3 		mul	r3, r2, r3
 160              	.LVL14:
 161              	.L10:
 254:./CORE/system_stm32f4xx.c ****       SystemCoreClock = pllvco/pllp;
 162              		.loc 1 254 7 is_stmt 1 view .LVU43
 254:./CORE/system_stm32f4xx.c ****       SystemCoreClock = pllvco/pllp;
 163              		.loc 1 254 20 is_stmt 0 view .LVU44
 164 0060 0A4A     		ldr	r2, .L12
 165 0062 5268     		ldr	r2, [r2, #4]
 254:./CORE/system_stm32f4xx.c ****       SystemCoreClock = pllvco/pllp;
 166              		.loc 1 254 50 view .LVU45
 167 0064 C2F30142 		ubfx	r2, r2, #16, #2
 254:./CORE/system_stm32f4xx.c ****       SystemCoreClock = pllvco/pllp;
ARM GAS  /var/folders/yl/_q9l42k90g1g4mdhbs226msm0000gn/T//cc6F9odr.s 			page 9


 168              		.loc 1 254 56 view .LVU46
 169 0068 0132     		adds	r2, r2, #1
 254:./CORE/system_stm32f4xx.c ****       SystemCoreClock = pllvco/pllp;
 170              		.loc 1 254 12 view .LVU47
 171 006a 5200     		lsls	r2, r2, #1
 172              	.LVL15:
 255:./CORE/system_stm32f4xx.c ****       break;
 173              		.loc 1 255 7 is_stmt 1 view .LVU48
 255:./CORE/system_stm32f4xx.c ****       break;
 174              		.loc 1 255 31 is_stmt 0 view .LVU49
 175 006c B3FBF2F3 		udiv	r3, r3, r2
 176              	.LVL16:
 255:./CORE/system_stm32f4xx.c ****       break;
 177              		.loc 1 255 23 view .LVU50
 178 0070 074A     		ldr	r2, .L12+4
 179              	.LVL17:
 255:./CORE/system_stm32f4xx.c ****       break;
 180              		.loc 1 255 23 view .LVU51
 181 0072 1360     		str	r3, [r2]
 256:./CORE/system_stm32f4xx.c ****     default:
 182              		.loc 1 256 7 is_stmt 1 view .LVU52
 183 0074 D4E7     		b	.L8
 184              	.LVL18:
 185              	.L9:
 251:./CORE/system_stm32f4xx.c ****       }
 186              		.loc 1 251 9 view .LVU53
 251:./CORE/system_stm32f4xx.c ****       }
 187              		.loc 1 251 29 is_stmt 0 view .LVU54
 188 0076 074B     		ldr	r3, .L12+8
 189 0078 B3FBF2F3 		udiv	r3, r3, r2
 251:./CORE/system_stm32f4xx.c ****       }
 190              		.loc 1 251 44 view .LVU55
 191 007c 034A     		ldr	r2, .L12
 192              	.LVL19:
 251:./CORE/system_stm32f4xx.c ****       }
 193              		.loc 1 251 44 view .LVU56
 194 007e 5268     		ldr	r2, [r2, #4]
 251:./CORE/system_stm32f4xx.c ****       }
 195              		.loc 1 251 74 view .LVU57
 196 0080 C2F38812 		ubfx	r2, r2, #6, #9
 251:./CORE/system_stm32f4xx.c ****       }
 197              		.loc 1 251 16 view .LVU58
 198 0084 02FB03F3 		mul	r3, r2, r3
 199              	.LVL20:
 251:./CORE/system_stm32f4xx.c ****       }
 200              		.loc 1 251 16 view .LVU59
 201 0088 EAE7     		b	.L10
 202              	.L13:
 203 008a 00BF     		.align	2
 204              	.L12:
 205 008c 00380240 		.word	1073887232
 206 0090 00000000 		.word	.LANCHOR0
 207 0094 0024F400 		.word	16000000
 208 0098 00000000 		.word	.LANCHOR1
 209 009c 40787D01 		.word	25000000
 210              		.cfi_endproc
 211              	.LFE124:
ARM GAS  /var/folders/yl/_q9l42k90g1g4mdhbs226msm0000gn/T//cc6F9odr.s 			page 10


 213              		.global	APBPrescTable
 214              		.global	AHBPrescTable
 215              		.global	SystemCoreClock
 216              		.section	.data.SystemCoreClock,"aw"
 217              		.align	2
 218              		.set	.LANCHOR0,. + 0
 221              	SystemCoreClock:
 222 0000 0024F400 		.word	16000000
 223              		.section	.rodata.AHBPrescTable,"a"
 224              		.align	2
 225              		.set	.LANCHOR1,. + 0
 228              	AHBPrescTable:
 229 0000 00000000 		.ascii	"\000\000\000\000\000\000\000\000\001\002\003\004\006"
 229      00000000 
 229      01020304 
 229      06
 230 000d 070809   		.ascii	"\007\010\011"
 231              		.section	.rodata.APBPrescTable,"a"
 232              		.align	2
 235              	APBPrescTable:
 236 0000 00000000 		.ascii	"\000\000\000\000\001\002\003\004"
 236      01020304 
 237              		.text
 238              	.Letext0:
 239              		.file 2 "/Applications/ARM/arm-none-eabi/include/machine/_default_types.h"
 240              		.file 3 "/Applications/ARM/arm-none-eabi/include/sys/_stdint.h"
 241              		.file 4 "./CORE/core_cm4.h"
 242              		.file 5 "./CORE/stm32f4xx.h"
 243              		.file 6 "./CORE/system_stm32f4xx.h"
ARM GAS  /var/folders/yl/_q9l42k90g1g4mdhbs226msm0000gn/T//cc6F9odr.s 			page 11


DEFINED SYMBOLS
                            *ABS*:0000000000000000 system_stm32f4xx.c
/var/folders/yl/_q9l42k90g1g4mdhbs226msm0000gn/T//cc6F9odr.s:20     .text.SystemInit:0000000000000000 $t
/var/folders/yl/_q9l42k90g1g4mdhbs226msm0000gn/T//cc6F9odr.s:26     .text.SystemInit:0000000000000000 SystemInit
/var/folders/yl/_q9l42k90g1g4mdhbs226msm0000gn/T//cc6F9odr.s:45     .text.SystemInit:0000000000000010 $d
/var/folders/yl/_q9l42k90g1g4mdhbs226msm0000gn/T//cc6F9odr.s:50     .text.SystemCoreClockUpdate:0000000000000000 $t
/var/folders/yl/_q9l42k90g1g4mdhbs226msm0000gn/T//cc6F9odr.s:56     .text.SystemCoreClockUpdate:0000000000000000 SystemCoreClockUpdate
/var/folders/yl/_q9l42k90g1g4mdhbs226msm0000gn/T//cc6F9odr.s:205    .text.SystemCoreClockUpdate:000000000000008c $d
/var/folders/yl/_q9l42k90g1g4mdhbs226msm0000gn/T//cc6F9odr.s:235    .rodata.APBPrescTable:0000000000000000 APBPrescTable
/var/folders/yl/_q9l42k90g1g4mdhbs226msm0000gn/T//cc6F9odr.s:228    .rodata.AHBPrescTable:0000000000000000 AHBPrescTable
/var/folders/yl/_q9l42k90g1g4mdhbs226msm0000gn/T//cc6F9odr.s:221    .data.SystemCoreClock:0000000000000000 SystemCoreClock
/var/folders/yl/_q9l42k90g1g4mdhbs226msm0000gn/T//cc6F9odr.s:217    .data.SystemCoreClock:0000000000000000 $d
/var/folders/yl/_q9l42k90g1g4mdhbs226msm0000gn/T//cc6F9odr.s:224    .rodata.AHBPrescTable:0000000000000000 $d
/var/folders/yl/_q9l42k90g1g4mdhbs226msm0000gn/T//cc6F9odr.s:232    .rodata.APBPrescTable:0000000000000000 $d

NO UNDEFINED SYMBOLS
